2022-06-16 16:47:38,559 CRIT Supervisor is running as root.  Privileges were not dropped because no user is specified in the config file.  If you intend to run as root, you can set user=root in the config file to avoid this message.
2022-06-16 16:47:38,559 INFO Included extra file "/opt/docker/etc/supervisor.d/apache.conf" during parsing
2022-06-16 16:47:38,559 INFO Included extra file "/opt/docker/etc/supervisor.d/blackfire-agent.conf" during parsing
2022-06-16 16:47:38,559 INFO Included extra file "/opt/docker/etc/supervisor.d/cron.conf" during parsing
2022-06-16 16:47:38,559 INFO Included extra file "/opt/docker/etc/supervisor.d/dnsmasq.conf" during parsing
2022-06-16 16:47:38,559 INFO Included extra file "/opt/docker/etc/supervisor.d/php-fpm.conf" during parsing
2022-06-16 16:47:38,559 INFO Included extra file "/opt/docker/etc/supervisor.d/postfix.conf" during parsing
2022-06-16 16:47:38,559 INFO Included extra file "/opt/docker/etc/supervisor.d/ssh.conf" during parsing
2022-06-16 16:47:38,559 INFO Included extra file "/opt/docker/etc/supervisor.d/syslog.conf" during parsing
2022-06-16 16:47:38,567 INFO RPC interface 'supervisor' initialized
2022-06-16 16:47:38,568 INFO supervisord started with pid 81
2022-06-16 16:47:39,570 INFO spawned: 'syslogd' with pid 84
2022-06-16 16:47:39,572 INFO spawned: 'php-fpmd' with pid 85
2022-06-16 16:47:39,574 INFO spawned: 'apached' with pid 86
2022-06-16 16:47:39,576 INFO spawned: 'crond' with pid 87
2022-06-16 16:47:39,578 INFO spawned: 'postfixd' with pid 88
2022-06-16 16:47:39,580 INFO spawned: 'sshd' with pid 95
2022-06-16 16:47:39,584 INFO success: php-fpmd entered RUNNING state, process has stayed up for > than 0 seconds (startsecs)
2022-06-16 16:47:39,585 INFO success: apached entered RUNNING state, process has stayed up for > than 0 seconds (startsecs)
2022-06-16 16:47:39,586 INFO success: crond entered RUNNING state, process has stayed up for > than 0 seconds (startsecs)
2022-06-16 16:47:39,587 INFO success: postfixd entered RUNNING state, process has stayed up for > than 0 seconds (startsecs)
2022-06-16 16:47:39,588 INFO success: sshd entered RUNNING state, process has stayed up for > than 0 seconds (startsecs)
2022-06-16 16:47:40,789 INFO success: syslogd entered RUNNING state, process has stayed up for > than 1 seconds (startsecs)
